TN:
SF:distributable/index.js
FN:16,get
FN:16,_interopRequireDefault
FNF:2
FNH:2
FNDA:13,get
FNDA:2,_interopRequireDefault
DA:1,1
DA:2,1
DA:3,1
DA:4,1
DA:5,1
DA:6,1
DA:7,1
DA:8,1
DA:9,1
DA:10,1
DA:11,1
DA:12,1
DA:13,1
DA:14,1
DA:15,1
DA:16,1
LF:16
LH:16
BRDA:16,0,0,2
BRDA:16,1,0,13
BRDA:16,2,0,2
BRDA:16,3,0,0
BRF:4
BRH:3
end_of_record
TN:
SF:source/library/plugin.js
FN:37,_getRequireWildcardCache
FN:37,_interopRequireWildcard
FN:7,createPlugin
FN:17,pluginObject.pre
FN:18,pluginObject.post
FN:24,visitorObject.<computed>
FNF:6
FNH:5
FNDA:0,_getRequireWildcardCache
FNDA:2,_interopRequireWildcard
FNDA:2,createPlugin
FNDA:6,pluginObject.pre
FNDA:5,pluginObject.post
FNDA:53,visitorObject.<computed>
DA:1,1
DA:2,1
DA:3,1
DA:4,1
DA:5,1
DA:6,1
DA:7,1
DA:8,2
DA:9,2
DA:10,2
DA:11,6
DA:12,6
DA:13,6
DA:14,6
DA:15,6
DA:16,6
DA:17,6
DA:18,6
DA:19,6
DA:20,6
DA:21,6
DA:22,6
DA:23,6
DA:24,12
DA:25,12
DA:26,6
DA:27,6
DA:28,6
DA:29,6
DA:30,6
DA:31,6
DA:32,2
DA:33,2
DA:34,1
DA:35,1
DA:36,1
DA:37,1
LF:37
LH:37
BRDA:37,0,0,2
BRDA:37,1,0,2
BRDA:37,2,0,0
BRDA:37,3,0,0
BRDA:37,4,0,0
BRDA:37,5,0,0
BRDA:7,6,0,2
BRDA:10,7,0,6
BRDA:17,8,0,6
BRDA:18,9,0,5
BRDA:23,10,0,12
BRDA:24,11,0,53
BRF:12
BRH:8
end_of_record
TN:
SF:source/library/visitor.js
FN:3,Visitor
FN:8,get nodeType
FN:12,onBeforeNode
FN:16,onIdentifierNode
FN:20,onAfterNode
FNF:5
FNH:5
FNDA:6,Visitor
FNDA:6,get nodeType
FNDA:6,onBeforeNode
FNDA:46,onIdentifierNode
FNDA:5,onAfterNode
DA:1,1
DA:2,1
DA:3,1
DA:4,6
DA:5,6
DA:6,6
DA:7,1
DA:8,1
DA:9,6
DA:10,6
DA:11,1
DA:12,1
DA:13,6
DA:14,6
DA:15,1
DA:16,1
DA:17,46
DA:18,46
DA:19,1
DA:20,1
DA:21,5
DA:22,5
DA:23,1
DA:24,1
DA:25,1
DA:26,1
LF:26
LH:26
BRDA:26,0,0,2
BRDA:3,1,0,6
BRDA:8,2,0,6
BRDA:12,3,0,6
BRDA:16,4,0,46
BRDA:20,5,0,5
BRF:6
BRH:6
end_of_record
TN:
SF:source/library/error/visitor-error.js
FN:3,VisitorError
FNF:1
FNH:1
FNDA:1,VisitorError
DA:1,1
DA:2,1
DA:3,1
DA:4,1
DA:5,1
DA:6,1
DA:7,1
DA:8,1
DA:9,1
LF:9
LH:9
BRDA:9,0,0,2
BRDA:3,1,0,1
BRF:2
BRH:2
end_of_record
TN:
SF:source/library/replace/index.js
FN:8,_interopRequireDefault
FNF:1
FNH:1
FNDA:2,_interopRequireDefault
DA:1,1
DA:2,1
DA:3,1
DA:4,1
DA:5,1
DA:6,1
DA:7,1
DA:8,1
LF:8
LH:8
BRDA:8,0,0,2
BRDA:8,1,0,2
BRDA:8,2,0,0
BRF:3
BRH:2
end_of_record
TN:
SF:source/library/replace/replace-visitor.js
FN:102,_getRequireWildcardCache
FN:102,_interopRequireWildcard
FN:102,_interopRequireDefault
FN:17,ReplaceVisitor
FN:25,get nodeType
FN:29,onProgramNode
FN:34,onIdentifierNode
FNF:7
FNH:6
FNDA:0,_getRequireWildcardCache
FNDA:2,_interopRequireWildcard
FNDA:2,_interopRequireDefault
FNDA:6,ReplaceVisitor
FNDA:6,get nodeType
FNDA:6,onProgramNode
FNDA:47,onIdentifierNode
DA:1,1
DA:2,1
DA:3,1
DA:4,1
DA:5,1
DA:6,1
DA:7,1
DA:8,1
DA:9,1
DA:10,1
DA:11,1
DA:12,1
DA:13,1
DA:14,1
DA:15,1
DA:16,1
DA:17,1
DA:18,6
DA:19,6
DA:20,6
DA:21,6
DA:22,6
DA:23,6
DA:24,1
DA:25,1
DA:26,6
DA:27,6
DA:28,1
DA:29,1
DA:30,6
DA:31,6
DA:32,6
DA:33,1
DA:34,1
DA:35,47
DA:36,47
DA:37,47
DA:38,47
DA:39,47
DA:40,47
DA:41,47
DA:42,47
DA:43,47
DA:44,47
DA:45,47
DA:46,6
DA:47,6
DA:48,6
DA:49,6
DA:50,6
DA:51,6
DA:52,6
DA:53,6
DA:54,6
DA:55,6
DA:56,6
DA:57,5
DA:58,5
DA:59,5
DA:60,1
DA:61,1
DA:62,5
DA:63,1
DA:64,1
DA:65,5
DA:66,1
DA:67,1
DA:68,5
DA:69,1
DA:70,1
DA:71,5
DA:72,5
DA:73,5
DA:74,5
DA:75,5
DA:76,6
DA:77,6
DA:78,6
DA:79,6
DA:80,6
DA:81,5
DA:82,5
DA:83,5
DA:84,5
DA:85,47
DA:86,47
DA:87,47
DA:88,47
DA:89,47
DA:90,47
DA:91,1
DA:92,1
DA:93,1
DA:94,1
DA:95,1
DA:96,1
DA:97,1
DA:98,1
DA:99,1
DA:100,1
DA:101,1
DA:102,1
LF:102
LH:102
BRDA:102,0,0,2
BRDA:102,1,0,2
BRDA:102,2,0,0
BRDA:102,3,0,0
BRDA:102,4,0,0
BRDA:102,5,0,0
BRDA:102,6,0,2
BRDA:102,7,0,0
BRDA:17,8,0,6
BRDA:25,9,0,6
BRDA:29,10,0,6
BRDA:34,11,0,47
BRDA:40,12,0,47
BRDA:42,13,0,41
BRDA:42,14,0,6
BRDA:42,15,0,0
BRDA:43,16,0,0
BRDA:45,17,0,6
BRDA:55,18,0,0
BRDA:77,19,0,2
BRDA:77,20,0,3
BRDA:78,21,0,0
BRDA:78,22,0,5
BRDA:80,23,0,5
BRDA:56,24,0,5
BRDA:59,25,0,1
BRDA:62,26,0,1
BRDA:65,27,0,1
BRDA:68,28,0,1
BRDA:71,29,0,1
BRF:30
BRH:21
end_of_record
TN:
SF:source/library/replace/error/replace-visitor-error.js
FN:5,ReplaceVisitorError
FNF:1
FNH:1
FNDA:1,ReplaceVisitorError
DA:1,1
DA:2,1
DA:3,1
DA:4,1
DA:5,1
DA:6,1
DA:7,1
DA:8,1
DA:9,1
DA:10,1
DA:11,1
LF:11
LH:11
BRDA:11,0,0,2
BRDA:5,1,0,1
BRF:2
BRH:2
end_of_record
TN:
SF:source/library/replace/error/replace-visitor-invalid-import-type-error.js
FN:5,ReplaceVisitorInvalidImportTypeError
FNF:1
FNH:1
FNDA:1,ReplaceVisitorInvalidImportTypeError
DA:1,1
DA:2,1
DA:3,1
DA:4,1
DA:5,1
DA:6,1
DA:7,1
DA:8,1
DA:9,1
DA:10,1
DA:11,1
LF:11
LH:11
BRDA:11,0,0,2
BRDA:5,1,0,1
BRF:2
BRH:2
end_of_record
