TN:
SF:distributable/index.js
FN:16,get
FN:16,_interopRequireDefault
FNF:2
FNH:2
FNDA:15,get
FNDA:3,_interopRequireDefault
DA:1,1
DA:2,1
DA:3,1
DA:4,1
DA:5,1
DA:6,1
DA:7,1
DA:8,1
DA:9,1
DA:10,1
DA:11,1
DA:12,1
DA:13,1
DA:14,1
DA:15,1
DA:16,1
LF:16
LH:16
BRDA:16,0,0,3
BRDA:16,1,0,15
BRDA:16,2,0,3
BRDA:16,3,0,0
BRF:4
BRH:3
end_of_record
TN:
SF:source/library/plugin.js
FN:37,_getRequireWildcardCache
FN:37,_interopRequireWildcard
FN:7,createPlugin
FN:17,pluginObject.pre
FN:18,pluginObject.post
FN:24,visitorObject.<computed>
FNF:6
FNH:5
FNDA:0,_getRequireWildcardCache
FNDA:3,_interopRequireWildcard
FNDA:3,createPlugin
FNDA:7,pluginObject.pre
FNDA:6,pluginObject.post
FNDA:70,visitorObject.<computed>
DA:1,1
DA:2,1
DA:3,1
DA:4,1
DA:5,1
DA:6,1
DA:7,1
DA:8,3
DA:9,3
DA:10,3
DA:11,7
DA:12,7
DA:13,7
DA:14,7
DA:15,7
DA:16,7
DA:17,7
DA:18,7
DA:19,7
DA:20,7
DA:21,7
DA:22,7
DA:23,7
DA:24,14
DA:25,14
DA:26,7
DA:27,7
DA:28,7
DA:29,7
DA:30,7
DA:31,7
DA:32,3
DA:33,3
DA:34,1
DA:35,1
DA:36,1
DA:37,1
LF:37
LH:37
BRDA:37,0,0,3
BRDA:37,1,0,3
BRDA:37,2,0,0
BRDA:37,3,0,0
BRDA:37,4,0,0
BRDA:37,5,0,0
BRDA:7,6,0,3
BRDA:10,7,0,7
BRDA:17,8,0,7
BRDA:18,9,0,6
BRDA:23,10,0,14
BRDA:24,11,0,70
BRF:12
BRH:8
end_of_record
TN:
SF:source/library/visitor.js
FN:3,Visitor
FN:8,get nodeType
FN:12,onBeforeNode
FN:16,onIdentifierNode
FN:20,onAfterNode
FNF:5
FNH:5
FNDA:7,Visitor
FNDA:7,get nodeType
FNDA:7,onBeforeNode
FNDA:62,onIdentifierNode
FNDA:6,onAfterNode
DA:1,1
DA:2,1
DA:3,1
DA:4,7
DA:5,7
DA:6,7
DA:7,1
DA:8,1
DA:9,7
DA:10,7
DA:11,1
DA:12,1
DA:13,7
DA:14,7
DA:15,1
DA:16,1
DA:17,62
DA:18,62
DA:19,1
DA:20,1
DA:21,6
DA:22,6
DA:23,1
DA:24,1
DA:25,1
DA:26,1
LF:26
LH:26
BRDA:26,0,0,3
BRDA:3,1,0,7
BRDA:8,2,0,7
BRDA:12,3,0,7
BRDA:16,4,0,62
BRDA:20,5,0,6
BRF:6
BRH:6
end_of_record
TN:
SF:source/library/error/visitor-error.js
FN:3,VisitorError
FNF:1
FNH:1
FNDA:1,VisitorError
DA:1,1
DA:2,1
DA:3,1
DA:4,1
DA:5,1
DA:6,1
DA:7,1
DA:8,1
DA:9,1
LF:9
LH:9
BRDA:9,0,0,3
BRDA:3,1,0,1
BRF:2
BRH:2
end_of_record
TN:
SF:source/library/replace/index.js
FN:8,_interopRequireDefault
FNF:1
FNH:1
FNDA:3,_interopRequireDefault
DA:1,1
DA:2,1
DA:3,1
DA:4,1
DA:5,1
DA:6,1
DA:7,1
DA:8,1
LF:8
LH:8
BRDA:8,0,0,3
BRDA:8,1,0,3
BRDA:8,2,0,0
BRF:3
BRH:2
end_of_record
TN:
SF:source/library/replace/replace-visitor.js
FN:104,_getRequireWildcardCache
FN:104,_interopRequireWildcard
FN:104,_interopRequireDefault
FN:17,ReplaceVisitor
FN:25,get nodeType
FN:29,onProgramNode
FN:34,onIdentifierNode
FNF:7
FNH:6
FNDA:0,_getRequireWildcardCache
FNDA:3,_interopRequireWildcard
FNDA:3,_interopRequireDefault
FNDA:7,ReplaceVisitor
FNDA:7,get nodeType
FNDA:7,onProgramNode
FNDA:63,onIdentifierNode
DA:1,1
DA:2,1
DA:3,1
DA:4,1
DA:5,1
DA:6,1
DA:7,1
DA:8,1
DA:9,1
DA:10,1
DA:11,1
DA:12,1
DA:13,1
DA:14,1
DA:15,1
DA:16,1
DA:17,1
DA:18,7
DA:19,7
DA:20,7
DA:21,7
DA:22,7
DA:23,7
DA:24,1
DA:25,1
DA:26,7
DA:27,7
DA:28,1
DA:29,1
DA:30,7
DA:31,7
DA:32,7
DA:33,1
DA:34,1
DA:35,63
DA:36,63
DA:37,63
DA:38,63
DA:39,63
DA:40,63
DA:41,79
DA:42,79
DA:43,79
DA:44,79
DA:45,79
DA:46,8
DA:47,8
DA:48,8
DA:49,8
DA:50,8
DA:51,8
DA:52,8
DA:53,8
DA:54,8
DA:55,8
DA:56,8
DA:57,7
DA:58,7
DA:59,7
DA:60,2
DA:61,2
DA:62,7
DA:63,2
DA:64,2
DA:65,7
DA:66,1
DA:67,1
DA:68,7
DA:69,1
DA:70,1
DA:71,7
DA:72,7
DA:73,7
DA:74,7
DA:75,7
DA:76,8
DA:77,8
DA:78,8
DA:79,8
DA:80,8
DA:81,8
DA:82,8
DA:83,7
DA:84,7
DA:85,7
DA:86,7
DA:87,79
DA:88,79
DA:89,63
DA:90,63
DA:91,63
DA:92,63
DA:93,1
DA:94,1
DA:95,1
DA:96,1
DA:97,1
DA:98,1
DA:99,1
DA:100,1
DA:101,1
DA:102,1
DA:103,1
DA:104,1
LF:104
LH:104
BRDA:104,0,0,3
BRDA:104,1,0,3
BRDA:104,2,0,0
BRDA:104,3,0,0
BRDA:104,4,0,0
BRDA:104,5,0,0
BRDA:104,6,0,3
BRDA:104,7,0,0
BRDA:17,8,0,7
BRDA:25,9,0,7
BRDA:29,10,0,7
BRDA:34,11,0,63
BRDA:40,12,0,79
BRDA:42,13,0,71
BRDA:42,14,0,8
BRDA:42,15,0,0
BRDA:43,16,0,0
BRDA:45,17,0,8
BRDA:55,18,0,0
BRDA:77,19,0,2
BRDA:77,20,0,5
BRDA:78,21,0,0
BRDA:78,22,0,7
BRDA:82,23,0,7
BRDA:56,24,0,7
BRDA:59,25,0,2
BRDA:62,26,0,2
BRDA:65,27,0,1
BRDA:68,28,0,1
BRDA:71,29,0,1
BRF:30
BRH:21
end_of_record
TN:
SF:source/library/replace/error/replace-visitor-error.js
FN:5,ReplaceVisitorError
FNF:1
FNH:1
FNDA:1,ReplaceVisitorError
DA:1,1
DA:2,1
DA:3,1
DA:4,1
DA:5,1
DA:6,1
DA:7,1
DA:8,1
DA:9,1
DA:10,1
DA:11,1
LF:11
LH:11
BRDA:11,0,0,3
BRDA:5,1,0,1
BRF:2
BRH:2
end_of_record
TN:
SF:source/library/replace/error/replace-visitor-invalid-import-type-error.js
FN:5,ReplaceVisitorInvalidImportTypeError
FNF:1
FNH:1
FNDA:1,ReplaceVisitorInvalidImportTypeError
DA:1,1
DA:2,1
DA:3,1
DA:4,1
DA:5,1
DA:6,1
DA:7,1
DA:8,1
DA:9,1
DA:10,1
DA:11,1
LF:11
LH:11
BRDA:11,0,0,3
BRDA:5,1,0,1
BRF:2
BRH:2
end_of_record
